# JRE version: Java(TM) SE Runtime Environment (8.0_25-b18) (build 1.8.0_25-b18)
# Java VM: Java HotSpot(TM) 64-Bit Server VM (25.25-b02 mixed mode windows-amd64 compressed oops)
Heap:
 PSYoungGen      total 57344K, used 39989K [0x00000007bc400000, 0x00000007c0000000, 0x00000007c0000000)
  eden space 52736K, 70% used [0x00000007bc400000,0x00000007be826078,0x00000007bf780000)
  from space 4608K, 64% used [0x00000007bfb80000,0x00000007bfe67388,0x00000007c0000000)
  to   space 4096K, 0% used [0x00000007bf780000,0x00000007bf780000,0x00000007bfb80000)
 ParOldGen       total 180736K, used 44440K [0x0000000700000000, 0x000000070b080000, 0x00000007bc400000)
  object space 180736K, 24% used [0x0000000700000000,0x0000000702b661c0,0x000000070b080000)
 Metaspace       used 54969K, capacity 55317K, committed 55808K, reserved 1097728K
  class space    used 7764K, capacity 7847K, committed 7936K, reserved 1048576K
GC Heap History (10 events):
Event: 1966.429 GC heap before
{Heap before GC invocations=102 (full 6):
 PSYoungGen      total 56832K, used 56252K [0x00000007bc400000, 0x00000007c0000000, 0x00000007c0000000)
  eden space 52224K, 100% used [0x00000007bc400000,0x00000007bf700000,0x00000007bf700000)
  from space 4608K, 87% used [0x00000007bf700000,0x00000007bfaef388,0x00000007bfb80000)
  to   space 4608K, 0% used [0x00000007bfb80000,0x00000007bfb80000,0x00000007c0000000)
 ParOldGen       total 180736K, used 44144K [0x0000000700000000, 0x000000070b080000, 0x00000007bc400000)
  object space 180736K, 24% used [0x0000000700000000,0x0000000702b1c1a0,0x000000070b080000)
 Metaspace       used 54948K, capacity 55317K, committed 55808K, reserved 1097728K
  class space    used 7763K, capacity 7847K, committed 7936K, reserved 1048576K
Event: 1966.432 GC heap after
Heap after GC invocations=102 (full 6):
 PSYoungGen      total 56832K, used 2812K [0x00000007bc400000, 0x00000007c0000000, 0x00000007c0000000)
  eden space 52224K, 0% used [0x00000007bc400000,0x00000007bc400000,0x00000007bf700000)
  from space 4608K, 61% used [0x00000007bfb80000,0x00000007bfe3f388,0x00000007c0000000)
  to   space 4608K, 0% used [0x00000007bf700000,0x00000007bf700000,0x00000007bfb80000)
 ParOldGen       total 180736K, used 44144K [0x0000000700000000, 0x000000070b080000, 0x00000007bc400000)
  object space 180736K, 24% used [0x0000000700000000,0x0000000702b1c1a0,0x000000070b080000)
 Metaspace       used 54948K, capacity 55317K, committed 55808K, reserved 1097728K
  class space    used 7763K, capacity 7847K, committed 7936K, reserved 1048576K
}
Event: 1966.886 GC heap before
{Heap before GC invocations=103 (full 6):
 PSYoungGen      total 56832K, used 55036K [0x00000007bc400000, 0x00000007c0000000, 0x00000007c0000000)
  eden space 52224K, 100% used [0x00000007bc400000,0x00000007bf700000,0x00000007bf700000)
  from space 4608K, 61% used [0x00000007bfb80000,0x00000007bfe3f388,0x00000007c0000000)
  to   space 4608K, 0% used [0x00000007bf700000,0x00000007bf700000,0x00000007bfb80000)
 ParOldGen       total 180736K, used 44144K [0x0000000700000000, 0x000000070b080000, 0x00000007bc400000)
  object space 180736K, 24% used [0x0000000700000000,0x0000000702b1c1a0,0x000000070b080000)
 Metaspace       used 54948K, capacity 55317K, committed 55808K, reserved 1097728K
  class space    used 7763K, capacity 7847K, committed 7936K, reserved 1048576K
Event: 1966.889 GC heap after
Heap after GC invocations=103 (full 6):
 PSYoungGen      total 56832K, used 2876K [0x00000007bc400000, 0x00000007c0000000, 0x00000007c0000000)
  eden space 52224K, 0% used [0x00000007bc400000,0x00000007bc400000,0x00000007bf700000)
  from space 4608K, 62% used [0x00000007bf700000,0x00000007bf9cf388,0x00000007bfb80000)
  to   space 4608K, 0% used [0x00000007bfb80000,0x00000007bfb80000,0x00000007c0000000)
 ParOldGen       total 180736K, used 44144K [0x0000000700000000, 0x000000070b080000, 0x00000007bc400000)
  object space 180736K, 24% used [0x0000000700000000,0x0000000702b1c1a0,0x000000070b080000)
 Metaspace       used 54948K, capacity 55317K, committed 55808K, reserved 1097728K
  class space    used 7763K, capacity 7847K, committed 7936K, reserved 1048576K
}
Event: 1967.312 GC heap before
{Heap before GC invocations=104 (full 6):
 PSYoungGen      total 56832K, used 55100K [0x00000007bc400000, 0x00000007c0000000, 0x00000007c0000000)
  eden space 52224K, 100% used [0x00000007bc400000,0x00000007bf700000,0x00000007bf700000)
  from space 4608K, 62% used [0x00000007bf700000,0x00000007bf9cf388,0x00000007bfb80000)
  to   space 4608K, 0% used [0x00000007bfb80000,0x00000007bfb80000,0x00000007c0000000)
 ParOldGen       total 180736K, used 44144K [0x0000000700000000, 0x000000070b080000, 0x00000007bc400000)
  object space 180736K, 24% used [0x0000000700000000,0x0000000702b1c1a0,0x000000070b080000)
 Metaspace       used 54952K, capacity 55317K, committed 55808K, reserved 1097728K
  class space    used 7763K, capacity 7847K, committed 7936K, reserved 1048576K
Event: 1967.315 GC heap after
Heap after GC invocations=104 (full 6):
 PSYoungGen      total 56832K, used 3265K [0x00000007bc400000, 0x00000007c0000000, 0x00000007c0000000)
  eden space 52224K, 0% used [0x00000007bc400000,0x00000007bc400000,0x00000007bf700000)
  from space 4608K, 70% used [0x00000007bfb80000,0x00000007bfeb0470,0x00000007c0000000)
  to   space 4608K, 0% used [0x00000007bf700000,0x00000007bf700000,0x00000007bfb80000)
 ParOldGen       total 180736K, used 44280K [0x0000000700000000, 0x000000070b080000, 0x00000007bc400000)
  object space 180736K, 24% used [0x0000000700000000,0x0000000702b3e1b0,0x000000070b080000)
 Metaspace       used 54952K, capacity 55317K, committed 55808K, reserved 1097728K
  class space    used 7763K, capacity 7847K, committed 7936K, reserved 1048576K
}
Event: 1968.305 GC heap before
{Heap before GC invocations=105 (full 6):
 PSYoungGen      total 56832K, used 55489K [0x00000007bc400000, 0x00000007c0000000, 0x00000007c0000000)
  eden space 52224K, 100% used [0x00000007bc400000,0x00000007bf700000,0x00000007bf700000)
  from space 4608K, 70% used [0x00000007bfb80000,0x00000007bfeb0470,0x00000007c0000000)
  to   space 4608K, 0% used [0x00000007bf700000,0x00000007bf700000,0x00000007bfb80000)
 ParOldGen       total 180736K, used 44280K [0x0000000700000000, 0x000000070b080000, 0x00000007bc400000)
  object space 180736K, 24% used [0x0000000700000000,0x0000000702b3e1b0,0x000000070b080000)
 Metaspace       used 54952K, capacity 55317K, committed 55808K, reserved 1097728K
  class space    used 7763K, capacity 7847K, committed 7936K, reserved 1048576K
Event: 1968.308 GC heap after
Heap after GC invocations=105 (full 6):
 PSYoungGen      total 56832K, used 2940K [0x00000007bc400000, 0x00000007c0000000, 0x00000007c0000000)
  eden space 52224K, 0% used [0x00000007bc400000,0x00000007bc400000,0x00000007bf700000)
  from space 4608K, 63% used [0x00000007bf700000,0x00000007bf9df388,0x00000007bfb80000)
  to   space 4608K, 0% used [0x00000007bfb80000,0x00000007bfb80000,0x00000007c0000000)
 ParOldGen       total 180736K, used 44368K [0x0000000700000000, 0x000000070b080000, 0x00000007bc400000)
  object space 180736K, 24% used [0x0000000700000000,0x0000000702b541b0,0x000000070b080000)
 Metaspace       used 54952K, capacity 55317K, committed 55808K, reserved 1097728K
  class space    used 7763K, capacity 7847K, committed 7936K, reserved 1048576K
}
Event: 1969.898 GC heap before
{Heap before GC invocations=106 (full 6):
 PSYoungGen      total 56832K, used 55164K [0x00000007bc400000, 0x00000007c0000000, 0x00000007c0000000)
  eden space 52224K, 100% used [0x00000007bc400000,0x00000007bf700000,0x00000007bf700000)
  from space 4608K, 63% used [0x00000007bf700000,0x00000007bf9df388,0x00000007bfb80000)
  to   space 4608K, 0% used [0x00000007bfb80000,0x00000007bfb80000,0x00000007c0000000)
 ParOldGen       total 180736K, used 44368K [0x0000000700000000, 0x000000070b080000, 0x00000007bc400000)
  object space 180736K, 24% used [0x0000000700000000,0x0000000702b541b0,0x000000070b080000)
 Metaspace       used 54957K, capacity 55317K, committed 55808K, reserved 1097728K
  class space    used 7763K, capacity 7847K, committed 7936K, reserved 1048576K
Event: 1969.902 GC heap after
Heap after GC invocations=106 (full 6):
 PSYoungGen      total 57344K, used 2972K [0x00000007bc400000, 0x00000007c0000000, 0x00000007c0000000)
  eden space 52736K, 0% used [0x00000007bc400000,0x00000007bc400000,0x00000007bf780000)
  from space 4608K, 64% used [0x00000007bfb80000,0x00000007bfe67388,0x00000007c0000000)
  to   space 4096K, 0% used [0x00000007bf780000,0x00000007bf780000,0x00000007bfb80000)
 ParOldGen       total 180736K, used 44440K [0x0000000700000000, 0x000000070b080000, 0x00000007bc400000)
  object space 180736K, 24% used [0x0000000700000000,0x0000000702b661c0,0x000000070b080000)
 Metaspace       used 54957K, capacity 55317K, committed 55808K, reserved 1097728K
  class space    used 7763K, capacity 7847K, committed 7936K, reserved 1048576K
}

